2025-03-27 18:42:57 [main] INFO  [RequestID=] c.e.d.SpringbootDataJpaRelationshipsApplicationTests - Starting SpringbootDataJpaRelationshipsApplicationTests using Java 17.0.12 with PID 8464 (started by abhiram.pulukuri in C:\springboot_tasks\dataJpa_relations\dataJpa_relations)
2025-03-27 18:42:57 [main] INFO  [RequestID=] c.e.d.SpringbootDataJpaRelationshipsApplicationTests - No active profile set, falling back to 1 default profile: "default"
2025-03-27 18:42:59 [main] INFO  [RequestID=] com.zaxxer.hikari.HikariDataSource - HikariPool-1 - Starting...
2025-03-27 18:43:00 [main] INFO  [RequestID=] com.zaxxer.hikari.pool.HikariPool - HikariPool-1 - Added connection com.mysql.cj.jdbc.ConnectionImpl@395eb363
2025-03-27 18:43:00 [main] INFO  [RequestID=] com.zaxxer.hikari.HikariDataSource - HikariPool-1 - Start completed.
2025-03-27 18:43:00 [main] WARN  [RequestID=] org.hibernate.orm.deprecation - HHH90000025: MySQL8Dialect does not need to be specified explicitly using 'hibernate.dialect' (remove the property setting and it will be selected by default)
2025-03-27 18:43:00 [main] WARN  [RequestID=] org.hibernate.orm.deprecation - HHH90000026: MySQL8Dialect has been deprecated; use org.hibernate.dialect.MySQLDialect instead
2025-03-27 18:43:02 [main] WARN  [RequestID=] o.s.b.a.o.j.JpaBaseConfiguration$JpaWebConfiguration - spring.jpa.open-in-view is enabled by default. Therefore, database queries may be performed during view rendering. Explicitly configure spring.jpa.open-in-view to disable this warning
2025-03-27 18:43:02 [main] INFO  [RequestID=] c.e.d.SpringbootDataJpaRelationshipsApplicationTests - Started SpringbootDataJpaRelationshipsApplicationTests in 5.32 seconds (process running for 7.013)
2025-03-27 18:43:03 [SpringApplicationShutdownHook] INFO  [RequestID=] com.zaxxer.hikari.HikariDataSource - HikariPool-1 - Shutdown initiated...
2025-03-27 18:43:03 [SpringApplicationShutdownHook] INFO  [RequestID=] com.zaxxer.hikari.HikariDataSource - HikariPool-1 - Shutdown completed.
2025-03-27 18:55:00 [main] INFO  [RequestID=] c.e.d.SpringbootDataJpaRelationshipsApplicationTests - Starting SpringbootDataJpaRelationshipsApplicationTests using Java 17.0.12 with PID 47880 (started by abhiram.pulukuri in C:\springboot_tasks\dataJpa_relations\dataJpa_relations)
2025-03-27 18:55:00 [main] INFO  [RequestID=] c.e.d.SpringbootDataJpaRelationshipsApplicationTests - No active profile set, falling back to 1 default profile: "default"
2025-03-27 18:55:02 [main] INFO  [RequestID=] com.zaxxer.hikari.HikariDataSource - HikariPool-1 - Starting...
2025-03-27 18:55:02 [main] INFO  [RequestID=] com.zaxxer.hikari.pool.HikariPool - HikariPool-1 - Added connection com.mysql.cj.jdbc.ConnectionImpl@3f908bc0
2025-03-27 18:55:02 [main] INFO  [RequestID=] com.zaxxer.hikari.HikariDataSource - HikariPool-1 - Start completed.
2025-03-27 18:55:02 [main] WARN  [RequestID=] org.hibernate.orm.deprecation - HHH90000025: MySQL8Dialect does not need to be specified explicitly using 'hibernate.dialect' (remove the property setting and it will be selected by default)
2025-03-27 18:55:02 [main] WARN  [RequestID=] org.hibernate.orm.deprecation - HHH90000026: MySQL8Dialect has been deprecated; use org.hibernate.dialect.MySQLDialect instead
2025-03-27 18:55:04 [main] WARN  [RequestID=] o.s.b.a.o.j.JpaBaseConfiguration$JpaWebConfiguration - spring.jpa.open-in-view is enabled by default. Therefore, database queries may be performed during view rendering. Explicitly configure spring.jpa.open-in-view to disable this warning
2025-03-27 18:55:04 [main] INFO  [RequestID=] c.e.d.SpringbootDataJpaRelationshipsApplicationTests - Started SpringbootDataJpaRelationshipsApplicationTests in 4.467 seconds (process running for 5.825)
2025-03-27 18:55:05 [SpringApplicationShutdownHook] INFO  [RequestID=] com.zaxxer.hikari.HikariDataSource - HikariPool-1 - Shutdown initiated...
2025-03-27 18:55:05 [SpringApplicationShutdownHook] INFO  [RequestID=] com.zaxxer.hikari.HikariDataSource - HikariPool-1 - Shutdown completed.
